<?xml version="1.0" encoding="UTF-8"?>
<!-- Generated by org.testng.reporters.JUnitReportReporter -->
<testsuite skipped="0" hostname="DESKTOP-NFATJD6" name="testCases.LoginPageTest" tests="2" failures="0" timestamp="12 Jun 2021 13:44:10 GMT" time="17.541" errors="0">
  <testcase name="loginTest" time="9.233" classname="testCases.LoginPageTest"/>
  <testcase name="loginpageTitleTest" time="8.308" classname="testCases.LoginPageTest"/>
</testsuite> <!-- testCases.LoginPageTest -->
